C:\Users\Binyam\Desktop\Ussf\Hilton\US Smoke _ Fire - Columbus Hilton Downtown Expansion Shop Drawings 06-09-21.dwg,USSF-1_Title Page,6/9/2021 11:53:16 PM,Binyam,DWG To PDF.pc3,ANSI expand A (11.00 x 8.50 Inches),1:1,
C:\Users\Binyam\Desktop\Ussf\Hilton\US Smoke _ Fire - Columbus Hilton Downtown Expansion Shop Drawings 06-09-21.dwg,USSF-1_Title Page (2),6/9/2021 11:53:17 PM,Binyam,DWG To PDF.pc3,ANSI expand A (11.00 x 8.50 Inches),1:1,
C:\Users\Binyam\Desktop\Ussf\Hilton\US Smoke _ Fire - Columbus Hilton Downtown Expansion Shop Drawings 06-09-21.dwg,USSF-1_Title Page (3),6/9/2021 11:53:17 PM,Binyam,DWG To PDF.pc3,ANSI expand A (11.00 x 8.50 Inches),1:1,
C:\Users\Binyam\Desktop\Ussf\Hilton\US Smoke _ Fire - Columbus Hilton Downtown Expansion Shop Drawings 06-09-21.dwg,USSF-1_Building Plan,6/9/2021 11:53:18 PM,Binyam,DWG To PDF.pc3,ANSI expand A (11.00 x 8.50 Inches),1:1,
C:\Users\Binyam\Desktop\Ussf\Hilton\US Smoke _ Fire - Columbus Hilton Downtown Expansion Shop Drawings 06-09-21.dwg,USSF-1_Building Plan (2),6/9/2021 11:53:19 PM,Binyam,DWG To PDF.pc3,ANSI expand A (11.00 x 8.50 Inches),1:1,
C:\Users\Binyam\Desktop\Ussf\Hilton\US Smoke _ Fire - Columbus Hilton Downtown Expansion Shop Drawings 06-09-21.dwg,USSF-2_Curtain Plan and Elevation,6/9/2021 11:53:20 PM,Binyam,DWG To PDF.pc3,ANSI expand A (11.00 x 8.50 Inches),1:1,
C:\Users\Binyam\Desktop\Ussf\Hilton\US Smoke _ Fire - Columbus Hilton Downtown Expansion Shop Drawings 06-09-21.dwg,USSF-2_Curtain Plan and Elevation (2),6/9/2021 11:53:21 PM,Binyam,DWG To PDF.pc3,ANSI expand A (11.00 x 8.50 Inches),1:1,
C:\Users\Binyam\Desktop\Ussf\Hilton\US Smoke _ Fire - Columbus Hilton Downtown Expansion Shop Drawings 06-09-21.dwg,USSF-3_Curtain Section (SR Less than 10'),6/9/2021 11:53:21 PM,Binyam,DWG To PDF.pc3,ANSI expand A (11.00 x 8.50 Inches),1:1,
C:\Users\Binyam\Desktop\Ussf\Hilton\US Smoke _ Fire - Columbus Hilton Downtown Expansion Shop Drawings 06-09-21.dwg,USSF-3_Curtain Section (MR Less than 20'),6/9/2021 11:53:22 PM,Binyam,DWG To PDF.pc3,ANSI expand A (11.00 x 8.50 Inches),1:1,
C:\Users\Binyam\Desktop\Ussf\Hilton\US Smoke _ Fire - Columbus Hilton Downtown Expansion Shop Drawings 06-09-21.dwg,USSF-4_Headbox Section,6/9/2021 11:53:22 PM,Binyam,DWG To PDF.pc3,ANSI expand A (11.00 x 8.50 Inches),1:1,
C:\Users\Binyam\Desktop\Ussf\Hilton\US Smoke _ Fire - Columbus Hilton Downtown Expansion Shop Drawings 06-09-21.dwg,USSF-4_Headbox At Ceiling,6/9/2021 11:53:23 PM,Binyam,DWG To PDF.pc3,ANSI expand A (11.00 x 8.50 Inches),1:1,
C:\Users\Binyam\Desktop\Ussf\Hilton\US Smoke _ Fire - Columbus Hilton Downtown Expansion Shop Drawings 06-09-21.dwg,USSF-4_Headbox & Guide Assembly,6/9/2021 11:53:23 PM,Binyam,DWG To PDF.pc3,ANSI expand A (11.00 x 8.50 Inches),1:1,
C:\Users\Binyam\Desktop\Ussf\Hilton\US Smoke _ Fire - Columbus Hilton Downtown Expansion Shop Drawings 06-09-21.dwg,USSF-1_Title Page,6/10/2021 12:05:06 AM,Binyam,DWG To PDF.pc3,ANSI expand A (11.00 x 8.50 Inches),1:1,
C:\Users\Binyam\Desktop\Ussf\Hilton\US Smoke _ Fire - Columbus Hilton Downtown Expansion Shop Drawings 06-09-21.dwg,USSF-1_Title Page (2),6/10/2021 12:05:07 AM,Binyam,DWG To PDF.pc3,ANSI expand A (11.00 x 8.50 Inches),1:1,
C:\Users\Binyam\Desktop\Ussf\Hilton\US Smoke _ Fire - Columbus Hilton Downtown Expansion Shop Drawings 06-09-21.dwg,USSF-1_Title Page (3),6/10/2021 12:05:07 AM,Binyam,DWG To PDF.pc3,ANSI expand A (11.00 x 8.50 Inches),1:1,
C:\Users\Binyam\Desktop\Ussf\Hilton\US Smoke _ Fire - Columbus Hilton Downtown Expansion Shop Drawings 06-09-21.dwg,USSF-1_Building Plan,6/10/2021 12:05:07 AM,Binyam,DWG To PDF.pc3,ANSI expand A (11.00 x 8.50 Inches),1:1,
C:\Users\Binyam\Desktop\Ussf\Hilton\US Smoke _ Fire - Columbus Hilton Downtown Expansion Shop Drawings 06-09-21.dwg,USSF-1_Building Plan (2),6/10/2021 12:05:12 AM,Binyam,DWG To PDF.pc3,ANSI expand A (11.00 x 8.50 Inches),1:1,
C:\Users\Binyam\Desktop\Ussf\Hilton\US Smoke _ Fire - Columbus Hilton Downtown Expansion Shop Drawings 06-09-21.dwg,USSF-2_Curtain Plan and Elevation,6/10/2021 12:05:15 AM,Binyam,DWG To PDF.pc3,ANSI expand A (11.00 x 8.50 Inches),1:1,
C:\Users\Binyam\Desktop\Ussf\Hilton\US Smoke _ Fire - Columbus Hilton Downtown Expansion Shop Drawings 06-09-21.dwg,USSF-2_Curtain Plan and Elevation (2),6/10/2021 12:05:15 AM,Binyam,DWG To PDF.pc3,ANSI expand A (11.00 x 8.50 Inches),1:1,
C:\Users\Binyam\Desktop\Ussf\Hilton\US Smoke _ Fire - Columbus Hilton Downtown Expansion Shop Drawings 06-09-21.dwg,USSF-3_Curtain Section (SR Less than 10'),6/10/2021 12:05:16 AM,Binyam,DWG To PDF.pc3,ANSI expand A (11.00 x 8.50 Inches),1:1,
C:\Users\Binyam\Desktop\Ussf\Hilton\US Smoke _ Fire - Columbus Hilton Downtown Expansion Shop Drawings 06-09-21.dwg,USSF-3_Curtain Section (MR Less than 20'),6/10/2021 12:05:16 AM,Binyam,DWG To PDF.pc3,ANSI expand A (11.00 x 8.50 Inches),1:1,
C:\Users\Binyam\Desktop\Ussf\Hilton\US Smoke _ Fire - Columbus Hilton Downtown Expansion Shop Drawings 06-09-21.dwg,USSF-4_Headbox Section,6/10/2021 12:05:16 AM,Binyam,DWG To PDF.pc3,ANSI expand A (11.00 x 8.50 Inches),1:1,
C:\Users\Binyam\Desktop\Ussf\Hilton\US Smoke _ Fire - Columbus Hilton Downtown Expansion Shop Drawings 06-09-21.dwg,USSF-4_Headbox At Ceiling,6/10/2021 12:05:17 AM,Binyam,DWG To PDF.pc3,ANSI expand A (11.00 x 8.50 Inches),1:1,
C:\Users\Binyam\Desktop\Ussf\Hilton\US Smoke _ Fire - Columbus Hilton Downtown Expansion Shop Drawings 06-09-21.dwg,USSF-4_Headbox & Guide Assembly,6/10/2021 12:05:17 AM,Binyam,DWG To PDF.pc3,ANSI expand A (11.00 x 8.50 Inches),1:1,
C:\Users\Binyam\Desktop\Ussf\Porsche River Oaks\US Smoke & Fire - Porsche River Oaks - Shop Drawings - 06-14-2021.dwg,USSF-1_Title Page,6/14/2021 9:45:26 PM,Binyam,DWG To PDF.pc3,ANSI expand A (11.00 x 8.50 Inches),1:1,
C:\Users\Binyam\Desktop\Ussf\Porsche River Oaks\US Smoke & Fire - Porsche River Oaks - Shop Drawings - 06-14-2021.dwg,USSF-1_Title Page (2),6/14/2021 9:45:27 PM,Binyam,DWG To PDF.pc3,ANSI expand A (11.00 x 8.50 Inches),1:1,
C:\Users\Binyam\Desktop\Ussf\Porsche River Oaks\US Smoke & Fire - Porsche River Oaks - Shop Drawings - 06-14-2021.dwg,USSF-1_Title Page (3),6/14/2021 9:45:27 PM,Binyam,DWG To PDF.pc3,ANSI expand A (11.00 x 8.50 Inches),1:1,
C:\Users\Binyam\Desktop\Ussf\Porsche River Oaks\US Smoke & Fire - Porsche River Oaks - Shop Drawings - 06-14-2021.dwg,USSF-1_Building Plan,6/14/2021 9:45:28 PM,Binyam,DWG To PDF.pc3,ANSI expand A (11.00 x 8.50 Inches),1:1,
C:\Users\Binyam\Desktop\Ussf\Porsche River Oaks\US Smoke & Fire - Porsche River Oaks - Shop Drawings - 06-14-2021.dwg,USSF-2_Curtain Plan and Elevation (2),6/14/2021 9:45:28 PM,Binyam,DWG To PDF.pc3,ANSI expand A (11.00 x 8.50 Inches),1:1,
C:\Users\Binyam\Desktop\Ussf\Porsche River Oaks\US Smoke & Fire - Porsche River Oaks - Shop Drawings - 06-14-2021.dwg,USSF-3_Curtain Section (SR- Less than 10'),6/14/2021 9:45:29 PM,Binyam,DWG To PDF.pc3,ANSI expand A (11.00 x 8.50 Inches),1:1,
C:\Users\Binyam\Desktop\Ussf\Porsche River Oaks\US Smoke & Fire - Porsche River Oaks - Shop Drawings - 06-14-2021.dwg,USSF-4_Headbox At Ceiling,6/14/2021 9:45:29 PM,Binyam,DWG To PDF.pc3,ANSI expand A (11.00 x 8.50 Inches),1:1,
C:\Users\Binyam\Desktop\Ussf\Porsche River Oaks\US Smoke & Fire - Porsche River Oaks - Shop Drawings - 06-14-2021.dwg,USSF-4_Headbox & Guide Assembly,6/14/2021 9:45:29 PM,Binyam,DWG To PDF.pc3,ANSI expand A (11.00 x 8.50 Inches),1:1,
C:\Users\Binyam\Downloads\Download Docs\USSF\U.S.Smoke and Fire - TikTok NYC - Shop Drawing 07-13-2021.dwg,USSF-1_Title Page,7/13/2021 10:54:41 PM,Binyam,DWG To PDF.pc3,ANSI expand A (11.00 x 8.50 Inches),1:1,
C:\Users\Binyam\Downloads\Download Docs\USSF\U.S.Smoke and Fire - TikTok NYC - Shop Drawing 07-13-2021.dwg,USSF-1_Title Page (2),7/13/2021 10:54:41 PM,Binyam,DWG To PDF.pc3,ANSI expand A (11.00 x 8.50 Inches),1:1,
C:\Users\Binyam\Downloads\Download Docs\USSF\U.S.Smoke and Fire - TikTok NYC - Shop Drawing 07-13-2021.dwg,USSF-1_Title Page (3),7/13/2021 10:54:41 PM,Binyam,DWG To PDF.pc3,ANSI expand A (11.00 x 8.50 Inches),1:1,
C:\Users\Binyam\Downloads\Download Docs\USSF\U.S.Smoke and Fire - TikTok NYC - Shop Drawing 07-13-2021.dwg,USSF-1_Title Page (4),7/13/2021 10:54:41 PM,Binyam,DWG To PDF.pc3,ANSI expand A (11.00 x 8.50 Inches),1:1,
C:\Users\Binyam\Downloads\Download Docs\USSF\U.S.Smoke and Fire - TikTok NYC - Shop Drawing 07-13-2021.dwg,USSF-1_Building Plan,7/13/2021 10:54:42 PM,Binyam,DWG To PDF.pc3,ANSI expand A (11.00 x 8.50 Inches),1:1,
C:\Users\Binyam\Downloads\Download Docs\USSF\U.S.Smoke and Fire - TikTok NYC - Shop Drawing 07-13-2021.dwg,USSF-2_Curtain Plan and Elevation,7/13/2021 10:54:44 PM,Binyam,DWG To PDF.pc3,ANSI expand A (11.00 x 8.50 Inches),1:1,
C:\Users\Binyam\Downloads\Download Docs\USSF\U.S.Smoke and Fire - TikTok NYC - Shop Drawing 07-13-2021.dwg,USSF-3_Curtain Section (MR Less than 20'),7/13/2021 10:54:44 PM,Binyam,DWG To PDF.pc3,ANSI expand A (11.00 x 8.50 Inches),1:1,
C:\Users\Binyam\Downloads\Download Docs\USSF\U.S.Smoke and Fire - TikTok NYC - Shop Drawing 07-13-2021.dwg,USSF-4_Headbox Section,7/13/2021 10:54:45 PM,Binyam,DWG To PDF.pc3,ANSI expand A (11.00 x 8.50 Inches),1:1,
C:\Users\Binyam\Downloads\Download Docs\USSF\U.S.Smoke and Fire - TikTok NYC - Shop Drawing 07-13-2021.dwg,USSF-4_Headbox At Ceiling,7/13/2021 10:54:46 PM,Binyam,DWG To PDF.pc3,ANSI expand A (11.00 x 8.50 Inches),1:1,
C:\Users\Binyam\Downloads\Download Docs\USSF\U.S.Smoke and Fire - TikTok NYC - Shop Drawing 07-13-2021.dwg,USSF-4_Headbox & Guide Assembly,7/13/2021 10:54:46 PM,Binyam,DWG To PDF.pc3,ANSI expand A (11.00 x 8.50 Inches),1:1,
C:\Users\Binyam\Downloads\U.S Smoke & Fire - 1310 Meeting St.- Shop Drawings 11-17-2021.dwg,USSF-1_Title Page (4),1/3/2022 12:25:47 PM,Binyam,DWG To PDF.pc3,ANSI expand A (11.00 x 8.50 Inches),1:1,
C:\Users\Binyam\Downloads\U.S Smoke & Fire - 1310 Meeting St.- Shop Drawings 11-17-2021.dwg,USSF-1_Title Page,1/3/2022 12:25:48 PM,Binyam,DWG To PDF.pc3,ANSI expand A (11.00 x 8.50 Inches),1:1,
C:\Users\Binyam\Downloads\U.S Smoke & Fire - 1310 Meeting St.- Shop Drawings 11-17-2021.dwg,USSF-1_Title Page (2),1/3/2022 12:25:48 PM,Binyam,DWG To PDF.pc3,ANSI expand A (11.00 x 8.50 Inches),1:1,
C:\Users\Binyam\Downloads\U.S Smoke & Fire - 1310 Meeting St.- Shop Drawings 11-17-2021.dwg,USSF-1_Title Page (3),1/3/2022 12:25:48 PM,Binyam,DWG To PDF.pc3,ANSI expand A (11.00 x 8.50 Inches),1:1,
C:\Users\Binyam\Downloads\U.S Smoke & Fire - 1310 Meeting St.- Shop Drawings 11-17-2021.dwg,USSF-2_Curtain Elevation and Section (2),1/3/2022 12:25:49 PM,Binyam,DWG To PDF.pc3,ANSI expand A (11.00 x 8.50 Inches),1:1,
C:\Users\Binyam\Downloads\U.S Smoke & Fire - 1310 Meeting St.- Shop Drawings 11-17-2021.dwg,USSF-2_Cab Elevation and Section (3),1/3/2022 12:25:50 PM,Binyam,DWG To PDF.pc3,ANSI expand A (11.00 x 8.50 Inches),1:1,
C:\Users\Binyam\Downloads\U.S Smoke & Fire - 1310 Meeting St.- Shop Drawings 11-17-2021.dwg,USSF-2_Curtain Elevation and Section,1/3/2022 12:25:50 PM,Binyam,DWG To PDF.pc3,ANSI expand A (11.00 x 8.50 Inches),1:1,
C:\Users\Binyam\Downloads\U.S Smoke & Fire - 1310 Meeting St.- Shop Drawings 11-17-2021.dwg,USSF-2_Cab Elevation and Section (2),1/3/2022 12:25:51 PM,Binyam,DWG To PDF.pc3,ANSI expand A (11.00 x 8.50 Inches),1:1,
C:\Users\Binyam\Downloads\U.S Smoke & Fire - 1310 Meeting St.- Shop Drawings 11-17-2021.dwg,USSF-3_Curtain Plan,1/3/2022 12:25:51 PM,Binyam,DWG To PDF.pc3,ANSI expand A (11.00 x 8.50 Inches),1:1,
C:\Users\Binyam\Downloads\U.S Smoke & Fire - 1310 Meeting St.- Shop Drawings 11-17-2021.dwg,USSF-4_Headbox & Guide Assembly,1/3/2022 12:25:52 PM,Binyam,DWG To PDF.pc3,ANSI expand A (11.00 x 8.50 Inches),1:1,
C:\Users\Binyam\Downloads\U.S Smoke & Fire - 1310 Meeting St.- Shop Drawings 11-17-2021.dwg,USSF-4_Up Buttons,1/3/2022 12:25:53 PM,Binyam,DWG To PDF.pc3,ANSI expand A (11.00 x 8.50 Inches),1:1,
C:\Users\Binyam\Downloads\U.S Smoke & Fire - OH Doors Avalon North Andover Mills - Shop Drawings - 01-03-22.dwg,USSF-1_Title Page,1/3/2022 5:03:41 PM,Binyam,DWG To PDF.pc3,ANSI expand A (11.00 x 8.50 Inches),1:1,
C:\Users\Binyam\Downloads\U.S Smoke & Fire - OH Doors Avalon North Andover Mills - Shop Drawings - 01-03-22.dwg,USSF-1_Title Page (2),1/3/2022 5:03:41 PM,Binyam,DWG To PDF.pc3,ANSI expand A (11.00 x 8.50 Inches),1:1,
C:\Users\Binyam\Downloads\U.S Smoke & Fire - OH Doors Avalon North Andover Mills - Shop Drawings - 01-03-22.dwg,USSF-1_Title Page (3),1/3/2022 5:03:41 PM,Binyam,DWG To PDF.pc3,ANSI expand A (11.00 x 8.50 Inches),1:1,
C:\Users\Binyam\Downloads\U.S Smoke & Fire - OH Doors Avalon North Andover Mills - Shop Drawings - 01-03-22.dwg,USSF-2_Curtain Elevation and Section (2),1/3/2022 5:03:42 PM,Binyam,DWG To PDF.pc3,ANSI expand A (11.00 x 8.50 Inches),1:1,
C:\Users\Binyam\Downloads\U.S Smoke & Fire - OH Doors Avalon North Andover Mills - Shop Drawings - 01-03-22.dwg,USSF-2_Cab Elevation and Section (2),1/3/2022 5:03:42 PM,Binyam,DWG To PDF.pc3,ANSI expand A (11.00 x 8.50 Inches),1:1,
C:\Users\Binyam\Downloads\U.S Smoke & Fire - OH Doors Avalon North Andover Mills - Shop Drawings - 01-03-22.dwg,USSF-2_Curtain Elevation and Section (3),1/3/2022 5:03:43 PM,Binyam,DWG To PDF.pc3,ANSI expand A (11.00 x 8.50 Inches),1:1,
C:\Users\Binyam\Downloads\U.S Smoke & Fire - OH Doors Avalon North Andover Mills - Shop Drawings - 01-03-22.dwg,USSF-2_Cab Elevation and Section (3),1/3/2022 5:03:44 PM,Binyam,DWG To PDF.pc3,ANSI expand A (11.00 x 8.50 Inches),1:1,
C:\Users\Binyam\Downloads\U.S Smoke & Fire - OH Doors Avalon North Andover Mills - Shop Drawings - 01-03-22.dwg,USSF-3_Curtain Plan (3),1/3/2022 5:03:44 PM,Binyam,DWG To PDF.pc3,ANSI expand A (11.00 x 8.50 Inches),1:1,
C:\Users\Binyam\Downloads\U.S Smoke & Fire - OH Doors Avalon North Andover Mills - Shop Drawings - 01-03-22.dwg,USSF-4_Headbox & Guide Assembly,1/3/2022 5:03:45 PM,Binyam,DWG To PDF.pc3,ANSI expand A (11.00 x 8.50 Inches),1:1,
C:\Users\Binyam\Downloads\U.S Smoke & Fire - Chickasaw Point - Shop Drawings - 01-06-2022.dwg,USSF-1_Title Page,1/7/2022 11:25:27 AM,Binyam,DWG To PDF.pc3,ANSI expand A (11.00 x 8.50 Inches),1:1,
C:\Users\Binyam\Downloads\U.S Smoke & Fire - Chickasaw Point - Shop Drawings - 01-06-2022.dwg,USSF-1_Title Page (2),1/7/2022 11:25:28 AM,Binyam,DWG To PDF.pc3,ANSI expand A (11.00 x 8.50 Inches),1:1,
C:\Users\Binyam\Downloads\U.S Smoke & Fire - Chickasaw Point - Shop Drawings - 01-06-2022.dwg,USSF-1_Title Page (3),1/7/2022 11:25:28 AM,Binyam,DWG To PDF.pc3,ANSI expand A (11.00 x 8.50 Inches),1:1,
C:\Users\Binyam\Downloads\U.S Smoke & Fire - Chickasaw Point - Shop Drawings - 01-06-2022.dwg,USSF-1_Building Plan,1/7/2022 11:25:29 AM,Binyam,DWG To PDF.pc3,ANSI expand A (11.00 x 8.50 Inches),1:1,
C:\Users\Binyam\Downloads\U.S Smoke & Fire - Chickasaw Point - Shop Drawings - 01-06-2022.dwg,USSF-2_Curtain Plan and Elevation,1/7/2022 11:25:30 AM,Binyam,DWG To PDF.pc3,ANSI expand A (11.00 x 8.50 Inches),1:1,
C:\Users\Binyam\Downloads\U.S Smoke & Fire - Chickasaw Point - Shop Drawings - 01-06-2022.dwg,USSF-3_Curtain Section (MR Less than 20'),1/7/2022 11:25:31 AM,Binyam,DWG To PDF.pc3,ANSI expand A (11.00 x 8.50 Inches),1:1,
C:\Users\Binyam\Downloads\U.S Smoke & Fire - Chickasaw Point - Shop Drawings - 01-06-2022.dwg,USSF-2_Curtain Plan and Elevation (2),1/7/2022 11:25:31 AM,Binyam,DWG To PDF.pc3,ANSI expand A (11.00 x 8.50 Inches),1:1,
C:\Users\Binyam\Downloads\U.S Smoke & Fire - Chickasaw Point - Shop Drawings - 01-06-2022.dwg,USSF-3_Curtain Section (SR Less than 10'),1/7/2022 11:25:31 AM,Binyam,DWG To PDF.pc3,ANSI expand A (11.00 x 8.50 Inches),1:1,
C:\Users\Binyam\Downloads\U.S Smoke & Fire - Chickasaw Point - Shop Drawings - 01-06-2022.dwg,USSF-4_Headbox At Ceiling,1/7/2022 11:25:32 AM,Binyam,DWG To PDF.pc3,ANSI expand A (11.00 x 8.50 Inches),1:1,
C:\Users\Binyam\Downloads\U.S Smoke & Fire - Chickasaw Point - Shop Drawings - 01-06-2022.dwg,USSF-4_Headbox & Guide Assembly,1/7/2022 11:25:32 AM,Binyam,DWG To PDF.pc3,ANSI expand A (11.00 x 8.50 Inches),1:1,
C:\Users\Binyam\Downloads\U.S Smoke & Fire - Chickasaw Point - Shop Drawings - 01-06-2022.dwg,USSF-1_Title Page,1/7/2022 11:27:20 AM,Binyam,DWG To PDF.pc3,ANSI expand A (11.00 x 8.50 Inches),1:1,
C:\Users\Binyam\Downloads\U.S Smoke & Fire - Chickasaw Point - Shop Drawings - 01-06-2022.dwg,USSF-1_Title Page (2),1/7/2022 11:27:21 AM,Binyam,DWG To PDF.pc3,ANSI expand A (11.00 x 8.50 Inches),1:1,
C:\Users\Binyam\Downloads\U.S Smoke & Fire - Chickasaw Point - Shop Drawings - 01-06-2022.dwg,USSF-1_Title Page (3),1/7/2022 11:27:21 AM,Binyam,DWG To PDF.pc3,ANSI expand A (11.00 x 8.50 Inches),1:1,
C:\Users\Binyam\Downloads\U.S Smoke & Fire - Chickasaw Point - Shop Drawings - 01-06-2022.dwg,USSF-1_Building Plan,1/7/2022 11:27:21 AM,Binyam,DWG To PDF.pc3,ANSI expand A (11.00 x 8.50 Inches),1:1,
C:\Users\Binyam\Downloads\U.S Smoke & Fire - Chickasaw Point - Shop Drawings - 01-06-2022.dwg,USSF-2_Curtain Plan and Elevation,1/7/2022 11:27:22 AM,Binyam,DWG To PDF.pc3,ANSI expand A (11.00 x 8.50 Inches),1:1,
C:\Users\Binyam\Downloads\U.S Smoke & Fire - Chickasaw Point - Shop Drawings - 01-06-2022.dwg,USSF-3_Curtain Section (MR Less than 20'),1/7/2022 11:27:23 AM,Binyam,DWG To PDF.pc3,ANSI expand A (11.00 x 8.50 Inches),1:1,
C:\Users\Binyam\Downloads\U.S Smoke & Fire - Chickasaw Point - Shop Drawings - 01-06-2022.dwg,USSF-2_Curtain Plan and Elevation (2),1/7/2022 11:27:23 AM,Binyam,DWG To PDF.pc3,ANSI expand A (11.00 x 8.50 Inches),1:1,
C:\Users\Binyam\Downloads\U.S Smoke & Fire - Chickasaw Point - Shop Drawings - 01-06-2022.dwg,USSF-3_Curtain Section (SR Less than 10'),1/7/2022 11:27:24 AM,Binyam,DWG To PDF.pc3,ANSI expand A (11.00 x 8.50 Inches),1:1,
C:\Users\Binyam\Downloads\U.S Smoke & Fire - Chickasaw Point - Shop Drawings - 01-06-2022.dwg,USSF-4_Headbox At Ceiling,1/7/2022 11:27:24 AM,Binyam,DWG To PDF.pc3,ANSI expand A (11.00 x 8.50 Inches),1:1,
C:\Users\Binyam\Downloads\U.S Smoke & Fire - Chickasaw Point - Shop Drawings - 01-06-2022.dwg,USSF-4_Headbox & Guide Assembly,1/7/2022 11:27:24 AM,Binyam,DWG To PDF.pc3,ANSI expand A (11.00 x 8.50 Inches),1:1,
C:\Users\Binyam\Downloads\U.S Smoke & Fire - Chickasaw Point - Shop Drawings - 01-06-2022.dwg,USSF-1_Title Page,1/7/2022 11:35:16 AM,Binyam,DWG To PDF.pc3,ANSI expand A (11.00 x 8.50 Inches),1:1,
C:\Users\Binyam\Downloads\U.S Smoke & Fire - Chickasaw Point - Shop Drawings - 01-06-2022.dwg,USSF-1_Title Page (2),1/7/2022 11:35:17 AM,Binyam,DWG To PDF.pc3,ANSI expand A (11.00 x 8.50 Inches),1:1,
C:\Users\Binyam\Downloads\U.S Smoke & Fire - Chickasaw Point - Shop Drawings - 01-06-2022.dwg,USSF-1_Title Page (3),1/7/2022 11:35:17 AM,Binyam,DWG To PDF.pc3,ANSI expand A (11.00 x 8.50 Inches),1:1,
C:\Users\Binyam\Downloads\U.S Smoke & Fire - Chickasaw Point - Shop Drawings - 01-06-2022.dwg,USSF-1_Building Plan,1/7/2022 11:35:17 AM,Binyam,DWG To PDF.pc3,ANSI expand A (11.00 x 8.50 Inches),1:1,
C:\Users\Binyam\Downloads\U.S Smoke & Fire - Chickasaw Point - Shop Drawings - 01-06-2022.dwg,USSF-2_Curtain Plan and Elevation,1/7/2022 11:35:18 AM,Binyam,DWG To PDF.pc3,ANSI expand A (11.00 x 8.50 Inches),1:1,
C:\Users\Binyam\Downloads\U.S Smoke & Fire - Chickasaw Point - Shop Drawings - 01-06-2022.dwg,USSF-3_Curtain Section (MR Less than 20'),1/7/2022 11:35:19 AM,Binyam,DWG To PDF.pc3,ANSI expand A (11.00 x 8.50 Inches),1:1,
C:\Users\Binyam\Downloads\U.S Smoke & Fire - Chickasaw Point - Shop Drawings - 01-06-2022.dwg,USSF-2_Curtain Plan and Elevation (2),1/7/2022 11:35:19 AM,Binyam,DWG To PDF.pc3,ANSI expand A (11.00 x 8.50 Inches),1:1,
C:\Users\Binyam\Downloads\U.S Smoke & Fire - Chickasaw Point - Shop Drawings - 01-06-2022.dwg,USSF-3_Curtain Section (SR Less than 10'),1/7/2022 11:35:20 AM,Binyam,DWG To PDF.pc3,ANSI expand A (11.00 x 8.50 Inches),1:1,
C:\Users\Binyam\Downloads\U.S Smoke & Fire - Chickasaw Point - Shop Drawings - 01-06-2022.dwg,USSF-4_Headbox At Ceiling,1/7/2022 11:35:20 AM,Binyam,DWG To PDF.pc3,ANSI expand A (11.00 x 8.50 Inches),1:1,
C:\Users\Binyam\Downloads\U.S Smoke & Fire - Chickasaw Point - Shop Drawings - 01-06-2022.dwg,USSF-4_Headbox & Guide Assembly,1/7/2022 11:35:20 AM,Binyam,DWG To PDF.pc3,ANSI expand A (11.00 x 8.50 Inches),1:1,
C:\Users\Binyam\Downloads\U.S Smoke & Fire - Chickasaw Point - Shop Drawings - 01-06-2022.dwg,USSF-1_Title Page,1/7/2022 11:37:49 AM,Binyam,DWG To PDF.pc3,ANSI expand A (11.00 x 8.50 Inches),1:1,
C:\Users\Binyam\Downloads\U.S Smoke & Fire - Chickasaw Point - Shop Drawings - 01-06-2022.dwg,USSF-1_Title Page (2),1/7/2022 11:37:49 AM,Binyam,DWG To PDF.pc3,ANSI expand A (11.00 x 8.50 Inches),1:1,
C:\Users\Binyam\Downloads\U.S Smoke & Fire - Chickasaw Point - Shop Drawings - 01-06-2022.dwg,USSF-1_Title Page (3),1/7/2022 11:37:49 AM,Binyam,DWG To PDF.pc3,ANSI expand A (11.00 x 8.50 Inches),1:1,
C:\Users\Binyam\Downloads\U.S Smoke & Fire - Chickasaw Point - Shop Drawings - 01-06-2022.dwg,USSF-1_Building Plan,1/7/2022 11:37:50 AM,Binyam,DWG To PDF.pc3,ANSI expand A (11.00 x 8.50 Inches),1:1,
C:\Users\Binyam\Downloads\U.S Smoke & Fire - Chickasaw Point - Shop Drawings - 01-06-2022.dwg,USSF-2_Curtain Plan and Elevation,1/7/2022 11:37:51 AM,Binyam,DWG To PDF.pc3,ANSI expand A (11.00 x 8.50 Inches),1:1,
C:\Users\Binyam\Downloads\U.S Smoke & Fire - Chickasaw Point - Shop Drawings - 01-06-2022.dwg,USSF-3_Curtain Section (MR Less than 20'),1/7/2022 11:37:51 AM,Binyam,DWG To PDF.pc3,ANSI expand A (11.00 x 8.50 Inches),1:1,
C:\Users\Binyam\Downloads\U.S Smoke & Fire - Chickasaw Point - Shop Drawings - 01-06-2022.dwg,USSF-2_Curtain Plan and Elevation (2),1/7/2022 11:37:52 AM,Binyam,DWG To PDF.pc3,ANSI expand A (11.00 x 8.50 Inches),1:1,
C:\Users\Binyam\Downloads\U.S Smoke & Fire - Chickasaw Point - Shop Drawings - 01-06-2022.dwg,USSF-3_Curtain Section (SR Less than 10'),1/7/2022 11:37:52 AM,Binyam,DWG To PDF.pc3,ANSI expand A (11.00 x 8.50 Inches),1:1,
C:\Users\Binyam\Downloads\U.S Smoke & Fire - Chickasaw Point - Shop Drawings - 01-06-2022.dwg,USSF-4_Headbox At Ceiling,1/7/2022 11:37:52 AM,Binyam,DWG To PDF.pc3,ANSI expand A (11.00 x 8.50 Inches),1:1,
C:\Users\Binyam\Downloads\U.S Smoke & Fire - Chickasaw Point - Shop Drawings - 01-06-2022.dwg,USSF-4_Headbox & Guide Assembly,1/7/2022 11:37:53 AM,Binyam,DWG To PDF.pc3,ANSI expand A (11.00 x 8.50 Inches),1:1,
C:\Users\Binyam\Downloads\U.S Smoke & Fire - Chickasaw Point - Shop Drawings - 01-06-2022.dwg,USSF-1_Title Page,1/7/2022 11:43:45 AM,Binyam,DWG To PDF.pc3,ANSI expand A (11.00 x 8.50 Inches),1:1,
C:\Users\Binyam\Downloads\U.S Smoke & Fire - Chickasaw Point - Shop Drawings - 01-06-2022.dwg,USSF-1_Title Page (2),1/7/2022 11:43:46 AM,Binyam,DWG To PDF.pc3,ANSI expand A (11.00 x 8.50 Inches),1:1,
C:\Users\Binyam\Downloads\U.S Smoke & Fire - Chickasaw Point - Shop Drawings - 01-06-2022.dwg,USSF-1_Title Page (3),1/7/2022 11:43:46 AM,Binyam,DWG To PDF.pc3,ANSI expand A (11.00 x 8.50 Inches),1:1,
C:\Users\Binyam\Downloads\U.S Smoke & Fire - Chickasaw Point - Shop Drawings - 01-06-2022.dwg,USSF-1_Building Plan,1/7/2022 11:43:46 AM,Binyam,DWG To PDF.pc3,ANSI expand A (11.00 x 8.50 Inches),1:1,
C:\Users\Binyam\Downloads\U.S Smoke & Fire - Chickasaw Point - Shop Drawings - 01-06-2022.dwg,USSF-2_Curtain Plan and Elevation,1/7/2022 11:43:47 AM,Binyam,DWG To PDF.pc3,ANSI expand A (11.00 x 8.50 Inches),1:1,
C:\Users\Binyam\Downloads\U.S Smoke & Fire - Chickasaw Point - Shop Drawings - 01-06-2022.dwg,USSF-3_Curtain Section (MR Less than 20'),1/7/2022 11:43:48 AM,Binyam,DWG To PDF.pc3,ANSI expand A (11.00 x 8.50 Inches),1:1,
C:\Users\Binyam\Downloads\U.S Smoke & Fire - Chickasaw Point - Shop Drawings - 01-06-2022.dwg,USSF-2_Curtain Plan and Elevation (2),1/7/2022 11:43:48 AM,Binyam,DWG To PDF.pc3,ANSI expand A (11.00 x 8.50 Inches),1:1,
C:\Users\Binyam\Downloads\U.S Smoke & Fire - Chickasaw Point - Shop Drawings - 01-06-2022.dwg,USSF-3_Curtain Section (SR Less than 10'),1/7/2022 11:43:49 AM,Binyam,DWG To PDF.pc3,ANSI expand A (11.00 x 8.50 Inches),1:1,
C:\Users\Binyam\Downloads\U.S Smoke & Fire - Chickasaw Point - Shop Drawings - 01-06-2022.dwg,USSF-4_Headbox At Ceiling,1/7/2022 11:43:49 AM,Binyam,DWG To PDF.pc3,ANSI expand A (11.00 x 8.50 Inches),1:1,
C:\Users\Binyam\Downloads\U.S Smoke & Fire - Chickasaw Point - Shop Drawings - 01-06-2022.dwg,USSF-4_Headbox & Guide Assembly,1/7/2022 11:43:50 AM,Binyam,DWG To PDF.pc3,ANSI expand A (11.00 x 8.50 Inches),1:1,
C:\Users\Binyam\OneDrive\USSF\U.S Smoke & Fire - French Cultural Center - Shop drawings - 12-23-2021.dwg,USSF-1_Title Page,1/7/2022 3:54:01 PM,Binyam,DWG To PDF.pc3,ANSI expand A (11.00 x 8.50 Inches),1:1,
C:\Users\Binyam\OneDrive\USSF\U.S Smoke & Fire - French Cultural Center - Shop drawings - 12-23-2021.dwg,USSF-1_Title Page (2),1/7/2022 3:54:02 PM,Binyam,DWG To PDF.pc3,ANSI expand A (11.00 x 8.50 Inches),1:1,
C:\Users\Binyam\OneDrive\USSF\U.S Smoke & Fire - French Cultural Center - Shop drawings - 12-23-2021.dwg,USSF-1_Title Page (3),1/7/2022 3:54:02 PM,Binyam,DWG To PDF.pc3,ANSI expand A (11.00 x 8.50 Inches),1:1,
C:\Users\Binyam\OneDrive\USSF\U.S Smoke & Fire - French Cultural Center - Shop drawings - 12-23-2021.dwg,USSF-1_Title Page (4),1/7/2022 3:54:02 PM,Binyam,DWG To PDF.pc3,ANSI expand A (11.00 x 8.50 Inches),1:1,
C:\Users\Binyam\OneDrive\USSF\U.S Smoke & Fire - French Cultural Center - Shop drawings - 12-23-2021.dwg,USSF-1_Building Plan,1/7/2022 3:54:04 PM,Binyam,DWG To PDF.pc3,ANSI expand A (11.00 x 8.50 Inches),1:1,
C:\Users\Binyam\OneDrive\USSF\U.S Smoke & Fire - French Cultural Center - Shop drawings - 12-23-2021.dwg,USSF-2_Curtain Plan and Elevation (2),1/7/2022 3:54:05 PM,Binyam,DWG To PDF.pc3,ANSI expand A (11.00 x 8.50 Inches),1:1,
C:\Users\Binyam\OneDrive\USSF\U.S Smoke & Fire - French Cultural Center - Shop drawings - 12-23-2021.dwg,USSF-3_Curtain Section (SR Less than 10'),1/7/2022 3:54:07 PM,Binyam,DWG To PDF.pc3,ANSI expand A (11.00 x 8.50 Inches),1:1,
C:\Users\Binyam\OneDrive\USSF\U.S Smoke & Fire - French Cultural Center - Shop drawings - 12-23-2021.dwg,USSF-4_Headbox Section,1/7/2022 3:54:07 PM,Binyam,DWG To PDF.pc3,ANSI expand A (11.00 x 8.50 Inches),1:1,
C:\Users\Binyam\OneDrive\USSF\U.S Smoke & Fire - French Cultural Center - Shop drawings - 12-23-2021.dwg,USSF-4_Headbox At Ceiling,1/7/2022 3:54:08 PM,Binyam,DWG To PDF.pc3,ANSI expand A (11.00 x 8.50 Inches),1:1,
C:\Users\Binyam\OneDrive\USSF\U.S Smoke & Fire - French Cultural Center - Shop drawings - 12-23-2021.dwg,USSF-4_Headbox & Guide Assembly,1/7/2022 3:54:09 PM,Binyam,DWG To PDF.pc3,ANSI expand A (11.00 x 8.50 Inches),1:1,
C:\Users\Binyam\OneDrive\USSF\U.S Smoke & Fire - Chickasaw Point - Shop Drawings - 01-06-2022.dwg,USSF-1_Title Page,1/7/2022 4:30:40 PM,Binyam,DWG To PDF.pc3,ANSI expand A (11.00 x 8.50 Inches),1:1,
C:\Users\Binyam\OneDrive\USSF\U.S Smoke & Fire - Chickasaw Point - Shop Drawings - 01-06-2022.dwg,USSF-1_Title Page (2),1/7/2022 4:30:40 PM,Binyam,DWG To PDF.pc3,ANSI expand A (11.00 x 8.50 Inches),1:1,
C:\Users\Binyam\OneDrive\USSF\U.S Smoke & Fire - Chickasaw Point - Shop Drawings - 01-06-2022.dwg,USSF-1_Title Page (3),1/7/2022 4:30:40 PM,Binyam,DWG To PDF.pc3,ANSI expand A (11.00 x 8.50 Inches),1:1,
C:\Users\Binyam\OneDrive\USSF\U.S Smoke & Fire - Chickasaw Point - Shop Drawings - 01-06-2022.dwg,USSF-1_Building Plan,1/7/2022 4:30:41 PM,Binyam,DWG To PDF.pc3,ANSI expand A (11.00 x 8.50 Inches),1:1,
C:\Users\Binyam\OneDrive\USSF\U.S Smoke & Fire - Chickasaw Point - Shop Drawings - 01-06-2022.dwg,USSF-2_Curtain Plan and Elevation (2),1/7/2022 4:30:42 PM,Binyam,DWG To PDF.pc3,ANSI expand A (11.00 x 8.50 Inches),1:1,
C:\Users\Binyam\OneDrive\USSF\U.S Smoke & Fire - Chickasaw Point - Shop Drawings - 01-06-2022.dwg,USSF-3_Curtain Section (SR Less than 10'),1/7/2022 4:30:42 PM,Binyam,DWG To PDF.pc3,ANSI expand A (11.00 x 8.50 Inches),1:1,
C:\Users\Binyam\OneDrive\USSF\U.S Smoke & Fire - Chickasaw Point - Shop Drawings - 01-06-2022.dwg,USSF-2_Curtain Plan and Elevation,1/7/2022 4:30:43 PM,Binyam,DWG To PDF.pc3,ANSI expand A (11.00 x 8.50 Inches),1:1,
C:\Users\Binyam\OneDrive\USSF\U.S Smoke & Fire - Chickasaw Point - Shop Drawings - 01-06-2022.dwg,USSF-3_Curtain Section (MR Less than 20'),1/7/2022 4:30:43 PM,Binyam,DWG To PDF.pc3,ANSI expand A (11.00 x 8.50 Inches),1:1,
C:\Users\Binyam\OneDrive\USSF\U.S Smoke & Fire - Chickasaw Point - Shop Drawings - 01-06-2022.dwg,USSF-4_Headbox At Ceiling,1/7/2022 4:30:43 PM,Binyam,DWG To PDF.pc3,ANSI expand A (11.00 x 8.50 Inches),1:1,
C:\Users\Binyam\OneDrive\USSF\U.S Smoke & Fire - Chickasaw Point - Shop Drawings - 01-06-2022.dwg,USSF-4_Headbox & Guide Assembly,1/7/2022 4:30:44 PM,Binyam,DWG To PDF.pc3,ANSI expand A (11.00 x 8.50 Inches),1:1,
C:\Users\Binyam\OneDrive\USSF\U.S Smoke & Fire - French Cultural Center - Shop drawings - 12-23-2021.dwg,USSF-1_Title Page,1/7/2022 5:24:58 PM,Binyam,DWG To PDF.pc3,ANSI expand A (11.00 x 8.50 Inches),1:1,
C:\Users\Binyam\OneDrive\USSF\U.S Smoke & Fire - French Cultural Center - Shop drawings - 12-23-2021.dwg,USSF-1_Title Page (2),1/7/2022 5:24:59 PM,Binyam,DWG To PDF.pc3,ANSI expand A (11.00 x 8.50 Inches),1:1,
C:\Users\Binyam\OneDrive\USSF\U.S Smoke & Fire - French Cultural Center - Shop drawings - 12-23-2021.dwg,USSF-1_Title Page (3),1/7/2022 5:24:59 PM,Binyam,DWG To PDF.pc3,ANSI expand A (11.00 x 8.50 Inches),1:1,
C:\Users\Binyam\OneDrive\USSF\U.S Smoke & Fire - French Cultural Center - Shop drawings - 12-23-2021.dwg,USSF-1_Title Page (4),1/7/2022 5:24:59 PM,Binyam,DWG To PDF.pc3,ANSI expand A (11.00 x 8.50 Inches),1:1,
C:\Users\Binyam\OneDrive\USSF\U.S Smoke & Fire - French Cultural Center - Shop drawings - 12-23-2021.dwg,USSF-1_Building Plan,1/7/2022 5:25:00 PM,Binyam,DWG To PDF.pc3,ANSI expand A (11.00 x 8.50 Inches),1:1,
C:\Users\Binyam\OneDrive\USSF\U.S Smoke & Fire - French Cultural Center - Shop drawings - 12-23-2021.dwg,USSF-2_Curtain Plan and Elevation (2),1/7/2022 5:25:01 PM,Binyam,DWG To PDF.pc3,ANSI expand A (11.00 x 8.50 Inches),1:1,
C:\Users\Binyam\OneDrive\USSF\U.S Smoke & Fire - French Cultural Center - Shop drawings - 12-23-2021.dwg,USSF-3_Curtain Section (SR Less than 10'),1/7/2022 5:25:01 PM,Binyam,DWG To PDF.pc3,ANSI expand A (11.00 x 8.50 Inches),1:1,
C:\Users\Binyam\OneDrive\USSF\U.S Smoke & Fire - French Cultural Center - Shop drawings - 12-23-2021.dwg,USSF-4_Headbox Section,1/7/2022 5:25:02 PM,Binyam,DWG To PDF.pc3,ANSI expand A (11.00 x 8.50 Inches),1:1,
C:\Users\Binyam\OneDrive\USSF\U.S Smoke & Fire - French Cultural Center - Shop drawings - 12-23-2021.dwg,USSF-4_Headbox At Ceiling,1/7/2022 5:25:02 PM,Binyam,DWG To PDF.pc3,ANSI expand A (11.00 x 8.50 Inches),1:1,
C:\Users\Binyam\OneDrive\USSF\U.S Smoke & Fire - French Cultural Center - Shop drawings - 12-23-2021.dwg,USSF-4_Headbox & Guide Assembly,1/7/2022 5:25:03 PM,Binyam,DWG To PDF.pc3,ANSI expand A (11.00 x 8.50 Inches),1:1,
C:\Users\Binyam\OneDrive\USSF\U.S Smoke & Fire - French Cultural Center - Shop drawings - 12-23-2021.dwg,USSF-1_Title Page,1/7/2022 5:31:33 PM,Binyam,DWG To PDF.pc3,ANSI expand A (11.00 x 8.50 Inches),1:1,
C:\Users\Binyam\OneDrive\USSF\U.S Smoke & Fire - French Cultural Center - Shop drawings - 12-23-2021.dwg,USSF-1_Title Page (2),1/7/2022 5:31:34 PM,Binyam,DWG To PDF.pc3,ANSI expand A (11.00 x 8.50 Inches),1:1,
C:\Users\Binyam\OneDrive\USSF\U.S Smoke & Fire - French Cultural Center - Shop drawings - 12-23-2021.dwg,USSF-1_Title Page (3),1/7/2022 5:31:34 PM,Binyam,DWG To PDF.pc3,ANSI expand A (11.00 x 8.50 Inches),1:1,
C:\Users\Binyam\OneDrive\USSF\U.S Smoke & Fire - French Cultural Center - Shop drawings - 12-23-2021.dwg,USSF-1_Title Page (4),1/7/2022 5:31:34 PM,Binyam,DWG To PDF.pc3,ANSI expand A (11.00 x 8.50 Inches),1:1,
C:\Users\Binyam\OneDrive\USSF\U.S Smoke & Fire - French Cultural Center - Shop drawings - 12-23-2021.dwg,USSF-1_Building Plan,1/7/2022 5:31:34 PM,Binyam,DWG To PDF.pc3,ANSI expand A (11.00 x 8.50 Inches),1:1,
C:\Users\Binyam\OneDrive\USSF\U.S Smoke & Fire - French Cultural Center - Shop drawings - 12-23-2021.dwg,USSF-2_Curtain Plan and Elevation (2),1/7/2022 5:31:35 PM,Binyam,DWG To PDF.pc3,ANSI expand A (11.00 x 8.50 Inches),1:1,
C:\Users\Binyam\OneDrive\USSF\U.S Smoke & Fire - French Cultural Center - Shop drawings - 12-23-2021.dwg,USSF-3_Curtain Section (SR Less than 10'),1/7/2022 5:31:36 PM,Binyam,DWG To PDF.pc3,ANSI expand A (11.00 x 8.50 Inches),1:1,
C:\Users\Binyam\OneDrive\USSF\U.S Smoke & Fire - French Cultural Center - Shop drawings - 12-23-2021.dwg,USSF-4_Headbox Section,1/7/2022 5:31:37 PM,Binyam,DWG To PDF.pc3,ANSI expand A (11.00 x 8.50 Inches),1:1,
C:\Users\Binyam\OneDrive\USSF\U.S Smoke & Fire - French Cultural Center - Shop drawings - 12-23-2021.dwg,USSF-4_Headbox At Ceiling,1/7/2022 5:31:37 PM,Binyam,DWG To PDF.pc3,ANSI expand A (11.00 x 8.50 Inches),1:1,
C:\Users\Binyam\OneDrive\USSF\U.S Smoke & Fire - French Cultural Center - Shop drawings - 12-23-2021.dwg,USSF-4_Headbox & Guide Assembly,1/7/2022 5:31:38 PM,Binyam,DWG To PDF.pc3,ANSI expand A (11.00 x 8.50 Inches),1:1,
C:\Users\Binyam\Desktop\U.S Smoke & Fire - 435 Bedford Drive - Shop Drawings  01-17-2022.dwg,USSF-1_Title Page,1/17/2022 2:17:54 PM,Binyam,DWG To PDF.pc3,ANSI expand A (11.00 x 8.50 Inches),1:1,
C:\Users\Binyam\Desktop\U.S Smoke & Fire - 435 Bedford Drive - Shop Drawings  01-17-2022.dwg,USSF-1_Title Page (2),1/17/2022 2:17:54 PM,Binyam,DWG To PDF.pc3,ANSI expand A (11.00 x 8.50 Inches),1:1,
C:\Users\Binyam\Desktop\U.S Smoke & Fire - 435 Bedford Drive - Shop Drawings  01-17-2022.dwg,USSF-1_Title Page (3),1/17/2022 2:17:54 PM,Binyam,DWG To PDF.pc3,ANSI expand A (11.00 x 8.50 Inches),1:1,
C:\Users\Binyam\Desktop\U.S Smoke & Fire - 435 Bedford Drive - Shop Drawings  01-17-2022.dwg,USSF-2_Curtain Elevation and Section,1/17/2022 2:17:55 PM,Binyam,DWG To PDF.pc3,ANSI expand A (11.00 x 8.50 Inches),1:1,
C:\Users\Binyam\Desktop\U.S Smoke & Fire - 435 Bedford Drive - Shop Drawings  01-17-2022.dwg,USSF-2_Cab Elevation and Section,1/17/2022 2:17:56 PM,Binyam,DWG To PDF.pc3,ANSI expand A (11.00 x 8.50 Inches),1:1,
C:\Users\Binyam\Desktop\U.S Smoke & Fire - 435 Bedford Drive - Shop Drawings  01-17-2022.dwg,USSF-3_Curtain Plan (3),1/17/2022 2:17:57 PM,Binyam,DWG To PDF.pc3,ANSI expand A (11.00 x 8.50 Inches),1:1,
C:\Users\Binyam\Desktop\U.S Smoke & Fire - 435 Bedford Drive - Shop Drawings  01-17-2022.dwg,USSF-4_Headbox & Guide Assembly,1/17/2022 2:17:58 PM,Binyam,DWG To PDF.pc3,ANSI expand A (11.00 x 8.50 Inches),1:1,
C:\Users\Binyam\Desktop\U.S Smoke & Fire - 435 Bedford Drive - Shop Drawings  01-17-2022.dwg,USSF-1_Title Page,1/17/2022 2:21:42 PM,Binyam,DWG To PDF.pc3,ANSI expand A (11.00 x 8.50 Inches),1:1,
C:\Users\Binyam\Desktop\U.S Smoke & Fire - 435 Bedford Drive - Shop Drawings  01-17-2022.dwg,USSF-1_Title Page (2),1/17/2022 2:21:43 PM,Binyam,DWG To PDF.pc3,ANSI expand A (11.00 x 8.50 Inches),1:1,
C:\Users\Binyam\Desktop\U.S Smoke & Fire - 435 Bedford Drive - Shop Drawings  01-17-2022.dwg,USSF-1_Title Page (3),1/17/2022 2:21:43 PM,Binyam,DWG To PDF.pc3,ANSI expand A (11.00 x 8.50 Inches),1:1,
C:\Users\Binyam\Desktop\U.S Smoke & Fire - 435 Bedford Drive - Shop Drawings  01-17-2022.dwg,USSF-2_Curtain Elevation and Section,1/17/2022 2:21:44 PM,Binyam,DWG To PDF.pc3,ANSI expand A (11.00 x 8.50 Inches),1:1,
C:\Users\Binyam\Desktop\U.S Smoke & Fire - 435 Bedford Drive - Shop Drawings  01-17-2022.dwg,USSF-2_Cab Elevation and Section,1/17/2022 2:21:44 PM,Binyam,DWG To PDF.pc3,ANSI expand A (11.00 x 8.50 Inches),1:1,
C:\Users\Binyam\Desktop\U.S Smoke & Fire - 435 Bedford Drive - Shop Drawings  01-17-2022.dwg,USSF-3_Curtain Plan (3),1/17/2022 2:21:45 PM,Binyam,DWG To PDF.pc3,ANSI expand A (11.00 x 8.50 Inches),1:1,
C:\Users\Binyam\Desktop\U.S Smoke & Fire - 435 Bedford Drive - Shop Drawings  01-17-2022.dwg,USSF-4_Headbox & Guide Assembly,1/17/2022 2:21:46 PM,Binyam,DWG To PDF.pc3,ANSI expand A (11.00 x 8.50 Inches),1:1,
<Unsaved Drawing>,USSF-3_Curtain Plan (2),1/17/2022 4:55:57 PM,Binyam,DWG To PDF.pc3,ANSI expand A (11.00 x 8.50 Inches),1:1,
